<?xml version="1.0" encoding="UTF-8" ?>
<testsuite tests="3" failures="0" name="in.kieransmith.exercise.unit.FileIOTest" time="0.001" errors="0" skipped="0">
  <properties>
[...]
</properties>
  <testcase classname="in.kieransmith.exercise.unit.FileIOTest" name="ModifyPath_ExpectModifiedPath" time="0"/>
  <testcase classname="in.kieransmith.exercise.unit.FileIOTest" name="ReadFile_ExpectKnownContent" time="0.001"/>
  <testcase classname="in.kieransmith.exercise.unit.FileIOTest" name="ReadNonExistentFile_ExpectFileNotFound" time="0"/>
</testsuite>