<?xml version="1.0" encoding="UTF-8"?>
<testsuite xmlns:xsi="http://www.w3.org/2001/XMLSchema-instance" xsi:noNamespaceSchemaLocation="https://maven.apache.org/surefire/maven-surefire-plugin/xsd/surefire-test-report.xsd" name="in.kieransmith.exercise.unit.NameTest" time="0" tests="13" errors="0" skipped="0" failures="0">
  <properties>
[...]
</properties>
  <testcase name="CompareEqualityDifferentFirstName_ExpectFalse" classname="in.kieransmith.exercise.unit.NameTest" time="0"/>
  <testcase name="CompareEqualityDifferentLastName_ExpectFalse" classname="in.kieransmith.exercise.unit.NameTest" time="0"/>
  <testcase name="CompareEqualitySameInstance_ExpectTrue" classname="in.kieransmith.exercise.unit.NameTest" time="0"/>
  <testcase name="CompareEquality_ExpectTrue" classname="in.kieransmith.exercise.unit.NameTest" time="0"/>
  <testcase name="CompareFirstName_ExpectNegOne" classname="in.kieransmith.exercise.unit.NameTest" time="0"/>
  <testcase name="CompareFirstName_ExpectOne" classname="in.kieransmith.exercise.unit.NameTest" time="0"/>
  <testcase name="CompareLastName_ExpectNegOne" classname="in.kieransmith.exercise.unit.NameTest" time="0"/>
  <testcase name="CompareLastName_ExpectOne" classname="in.kieransmith.exercise.unit.NameTest" time="0"/>
  <testcase name="CompareName_ExpectZero" classname="in.kieransmith.exercise.unit.NameTest" time="0"/>
  <testcase name="NameFromNotEnoughElements_ExpectMalformedInputException" classname="in.kieransmith.exercise.unit.NameTest" time="0"/>
  <testcase name="NameFromString_ExpectName" classname="in.kieransmith.exercise.unit.NameTest" time="0"/>
  <testcase name="NameFromTooManyElements_ExpectMalformedInputException" classname="in.kieransmith.exercise.unit.NameTest" time="0"/>
  <testcase name="NameToString_ExpectCorrectString" classname="in.kieransmith.exercise.unit.NameTest" time="0"/>
</testsuite>